[debug] [2023-03-06T18:55:18.643Z] ----------------------------------------------------------------------
[debug] [2023-03-06T18:55:18.648Z] Command:       C:\Program Files\nodejs\node.exe C:\Users\vanik\AppData\Roaming\npm\node_modules\firebase-tools\lib\bin\firebase.js init
[debug] [2023-03-06T18:55:18.649Z] CLI Version:   11.24.0
[debug] [2023-03-06T18:55:18.650Z] Platform:      win32
[debug] [2023-03-06T18:55:18.650Z] Node Version:  v18.13.0
[debug] [2023-03-06T18:55:18.653Z] Time:          Tue Mar 07 2023 00:25:18 GMT+0530 (India Standard Time)
[debug] [2023-03-06T18:55:18.654Z] ----------------------------------------------------------------------
[debug] 
[debug] [2023-03-06T18:55:18.676Z] > command requires scopes: ["email","openid","https://www.googleapis.com/auth/cloudplatformprojects.readonly","https://www.googleapis.com/auth/firebase","https://www.googleapis.com/auth/cloud-platform"]
[debug] [2023-03-06T18:55:18.678Z] > authorizing via signed-in user (tanvi.kapurwan22@gmail.com)
[info] 
     ######## #### ########  ######## ########     ###     ######  ########
     ##        ##  ##     ## ##       ##     ##  ##   ##  ##       ##
     ######    ##  ########  ######   ########  #########  ######  ######
     ##        ##  ##    ##  ##       ##     ## ##     ##       ## ##
     ##       #### ##     ## ######## ########  ##     ##  ######  ########

You're about to initialize a Firebase project in this directory:

  C:\Users\vanik\OneDrive\Desktop\My-Projects\WhatsApp-Clone-App\whatsapp

[info] 
=== Project Setup
[info] 
[info] First, let's associate this project directory with a Firebase project.
[info] You can create multiple project aliases by running firebase use --add, 
[info] but for now we'll just set up a default project.
[info] 
[info] i  If you want to create a project in a Google Cloud organization or folder, please use "firebase projects:create" instead, and return to this command when you've created the project. 
[debug] [2023-03-06T18:56:16.592Z] > refreshing access token with scopes: []
[debug] [2023-03-06T18:56:16.599Z] >>> [apiv2][query] POST https://www.googleapis.com/oauth2/v3/token [none]
[debug] [2023-03-06T18:56:16.600Z] >>> [apiv2][body] POST https://www.googleapis.com/oauth2/v3/token [omitted]
[debug] [2023-03-06T18:56:16.987Z] <<< [apiv2][status] POST https://www.googleapis.com/oauth2/v3/token 200
[debug] [2023-03-06T18:56:16.987Z] <<< [apiv2][body] POST https://www.googleapis.com/oauth2/v3/token [omitted]
[debug] [2023-03-06T18:56:17.025Z] >>> [apiv2][query] POST https://cloudresourcemanager.googleapis.com/v1/projects [none]
[debug] [2023-03-06T18:56:17.025Z] >>> [apiv2][body] POST https://cloudresourcemanager.googleapis.com/v1/projects {"projectId":"whatsapp-clone","name":"whatsapp-clone-app"}
[debug] [2023-03-06T18:56:18.754Z] <<< [apiv2][status] POST https://cloudresourcemanager.googleapis.com/v1/projects 409
[debug] [2023-03-06T18:56:18.754Z] <<< [apiv2][body] POST https://cloudresourcemanager.googleapis.com/v1/projects {"error":{"code":409,"message":"Requested entity already exists","status":"ALREADY_EXISTS"}}
[debug] [2023-03-06T18:56:18.938Z] FirebaseError: HTTP Error: 409, Requested entity already exists
    at responseToError (C:\Users\vanik\AppData\Roaming\npm\node_modules\firebase-tools\lib\responseToError.js:49:12)
    at RetryOperation._fn (C:\Users\vanik\AppData\Roaming\npm\node_modules\firebase-tools\lib\apiv2.js:288:77)
    at process.processTicksAndRejections (node:internal/process/task_queues:95:5)
[error] 
[error] Error: Failed to create project because there is already a project with ID whatsapp-clone. Please try again with a unique project ID.
